05-07-2022 09:45:55 PM - INFO - Script started
05-07-2022 09:45:55 PM - ERROR - 'Splits' object has no attribute 'get_month_data'
05-07-2022 09:45:55 PM - INFO - Script ended
05-07-2022 09:46:25 PM - INFO - Script started
05-07-2022 09:46:25 PM - INFO - Month -> 04/01/2022
05-07-2022 09:46:28 PM - ERROR - name 'sql' is not defined
05-07-2022 09:46:28 PM - ERROR - name 'sql' is not defined
05-07-2022 09:46:28 PM - ERROR - name 'sql' is not defined
05-07-2022 09:46:28 PM - ERROR - name 'sql' is not defined
05-07-2022 09:46:28 PM - ERROR - name 'sql' is not defined
05-07-2022 09:46:28 PM - ERROR - name 'sql' is not defined
05-07-2022 09:46:28 PM - ERROR - name 'sql' is not defined
05-07-2022 09:46:28 PM - ERROR - name 'sql' is not defined
05-07-2022 09:46:28 PM - ERROR - name 'sql' is not defined
05-07-2022 09:46:28 PM - ERROR - name 'sql' is not defined
05-07-2022 09:46:28 PM - ERROR - name 'sql' is not defined
05-07-2022 09:46:28 PM - ERROR - name 'sql' is not defined
05-07-2022 09:46:28 PM - ERROR - name 'sql' is not defined
05-07-2022 09:46:28 PM - ERROR - name 'sql' is not defined
05-07-2022 09:46:28 PM - ERROR - name 'sql' is not defined
05-07-2022 09:46:28 PM - ERROR - name 'sql' is not defined
05-07-2022 09:46:28 PM - ERROR - name 'sql' is not defined
05-07-2022 09:46:28 PM - ERROR - name 'sql' is not defined
05-07-2022 09:46:28 PM - ERROR - name 'sql' is not defined
05-07-2022 09:46:28 PM - ERROR - name 'sql' is not defined
05-07-2022 09:46:28 PM - ERROR - name 'sql' is not defined
05-07-2022 09:46:28 PM - ERROR - name 'sql' is not defined
05-07-2022 09:46:28 PM - ERROR - name 'sql' is not defined
05-07-2022 09:46:28 PM - ERROR - name 'sql' is not defined
05-07-2022 09:46:28 PM - ERROR - name 'sql' is not defined
05-07-2022 09:46:28 PM - ERROR - name 'sql' is not defined
05-07-2022 09:46:28 PM - ERROR - name 'sql' is not defined
05-07-2022 09:46:28 PM - ERROR - name 'sql' is not defined
05-07-2022 09:46:28 PM - INFO - 0 items saved to db
05-07-2022 09:46:28 PM - INFO - Month -> 05/01/2022
05-07-2022 09:46:29 PM - ERROR - name 'sql' is not defined
05-07-2022 09:46:29 PM - ERROR - name 'sql' is not defined
05-07-2022 09:46:29 PM - ERROR - name 'sql' is not defined
05-07-2022 09:46:29 PM - ERROR - name 'sql' is not defined
05-07-2022 09:46:29 PM - ERROR - name 'sql' is not defined
05-07-2022 09:46:29 PM - ERROR - name 'sql' is not defined
05-07-2022 09:46:29 PM - ERROR - name 'sql' is not defined
05-07-2022 09:46:29 PM - ERROR - name 'sql' is not defined
05-07-2022 09:46:29 PM - INFO - 0 items saved to db
05-07-2022 09:46:29 PM - INFO - Month -> 06/01/2022
05-07-2022 09:46:30 PM - ERROR - name 'sql' is not defined
05-07-2022 09:46:30 PM - ERROR - could not convert string to float: ''
05-07-2022 09:46:30 PM - ERROR - name 'sql' is not defined
05-07-2022 09:46:30 PM - INFO - 0 items saved to db
05-07-2022 09:46:30 PM - INFO - Month -> 07/01/2022
05-07-2022 09:46:31 PM - INFO - Script ended
05-07-2022 09:48:19 PM - INFO - Script started
05-07-2022 09:48:19 PM - INFO - Month -> 04/01/2022
05-07-2022 09:48:20 PM - ERROR - name 'sql' is not defined
05-07-2022 09:48:20 PM - ERROR - name 'sql' is not defined
05-07-2022 09:48:20 PM - ERROR - name 'sql' is not defined
05-07-2022 09:48:20 PM - ERROR - name 'sql' is not defined
05-07-2022 09:48:20 PM - ERROR - name 'sql' is not defined
05-07-2022 09:48:20 PM - ERROR - name 'sql' is not defined
05-07-2022 09:48:20 PM - ERROR - name 'sql' is not defined
05-07-2022 09:48:20 PM - ERROR - name 'sql' is not defined
05-07-2022 09:48:20 PM - ERROR - name 'sql' is not defined
05-07-2022 09:48:20 PM - ERROR - name 'sql' is not defined
05-07-2022 09:48:20 PM - ERROR - name 'sql' is not defined
05-07-2022 09:48:20 PM - ERROR - name 'sql' is not defined
05-07-2022 09:48:20 PM - ERROR - name 'sql' is not defined
05-07-2022 09:48:20 PM - ERROR - name 'sql' is not defined
05-07-2022 09:48:20 PM - ERROR - name 'sql' is not defined
05-07-2022 09:48:20 PM - ERROR - name 'sql' is not defined
05-07-2022 09:48:20 PM - ERROR - name 'sql' is not defined
05-07-2022 09:48:20 PM - ERROR - name 'sql' is not defined
05-07-2022 09:48:20 PM - ERROR - name 'sql' is not defined
05-07-2022 09:48:20 PM - ERROR - name 'sql' is not defined
05-07-2022 09:48:20 PM - ERROR - name 'sql' is not defined
05-07-2022 09:48:20 PM - ERROR - name 'sql' is not defined
05-07-2022 09:48:20 PM - ERROR - name 'sql' is not defined
05-07-2022 09:48:20 PM - ERROR - name 'sql' is not defined
05-07-2022 09:48:20 PM - ERROR - name 'sql' is not defined
05-07-2022 09:48:20 PM - ERROR - name 'sql' is not defined
05-07-2022 09:48:20 PM - ERROR - name 'sql' is not defined
05-07-2022 09:48:20 PM - ERROR - name 'sql' is not defined
05-07-2022 09:48:20 PM - INFO - 0 items saved to db
05-07-2022 09:48:20 PM - INFO - Month -> 05/01/2022
05-07-2022 09:48:22 PM - ERROR - name 'sql' is not defined
05-07-2022 09:48:22 PM - ERROR - name 'sql' is not defined
05-07-2022 09:48:22 PM - ERROR - name 'sql' is not defined
05-07-2022 09:48:22 PM - ERROR - name 'sql' is not defined
05-07-2022 09:48:22 PM - ERROR - name 'sql' is not defined
05-07-2022 09:48:22 PM - ERROR - name 'sql' is not defined
05-07-2022 09:48:22 PM - ERROR - name 'sql' is not defined
05-07-2022 09:48:22 PM - ERROR - name 'sql' is not defined
05-07-2022 09:48:22 PM - INFO - 0 items saved to db
05-07-2022 09:48:22 PM - INFO - Month -> 06/01/2022
05-07-2022 09:48:22 PM - ERROR - name 'sql' is not defined
05-07-2022 09:48:22 PM - ERROR - could not convert string to float: ''
05-07-2022 09:48:22 PM - ERROR - name 'sql' is not defined
05-07-2022 09:48:22 PM - INFO - 0 items saved to db
05-07-2022 09:48:22 PM - INFO - Month -> 07/01/2022
05-07-2022 09:48:23 PM - INFO - Script ended
05-07-2022 09:49:20 PM - INFO - Script started
05-07-2022 09:49:20 PM - INFO - Month -> 04/01/2022
05-07-2022 09:49:21 PM - INFO - 28 items saved to db
05-07-2022 09:49:21 PM - INFO - Month -> 05/01/2022
05-07-2022 09:49:22 PM - INFO - 8 items saved to db
05-07-2022 09:49:22 PM - INFO - Month -> 06/01/2022
05-07-2022 09:49:23 PM - ERROR - could not convert string to float: ''
05-07-2022 09:49:23 PM - INFO - 2 items saved to db
05-07-2022 09:49:23 PM - INFO - Month -> 07/01/2022
05-07-2022 09:49:24 PM - INFO - Script ended
05-07-2022 09:49:33 PM - INFO - Script started
05-07-2022 09:49:33 PM - INFO - Month -> 04/01/2022
05-07-2022 09:49:34 PM - ERROR - name 'sql' is not defined
05-07-2022 09:49:34 PM - ERROR - name 'sql' is not defined
05-07-2022 09:49:34 PM - ERROR - name 'sql' is not defined
05-07-2022 09:49:34 PM - ERROR - name 'sql' is not defined
05-07-2022 09:49:34 PM - ERROR - name 'sql' is not defined
05-07-2022 09:49:34 PM - ERROR - name 'sql' is not defined
05-07-2022 09:49:34 PM - ERROR - name 'sql' is not defined
05-07-2022 09:49:34 PM - ERROR - name 'sql' is not defined
05-07-2022 09:49:34 PM - ERROR - name 'sql' is not defined
05-07-2022 09:49:34 PM - ERROR - name 'sql' is not defined
05-07-2022 09:49:34 PM - ERROR - name 'sql' is not defined
05-07-2022 09:49:34 PM - ERROR - name 'sql' is not defined
05-07-2022 09:49:34 PM - ERROR - name 'sql' is not defined
05-07-2022 09:49:34 PM - ERROR - name 'sql' is not defined
05-07-2022 09:49:34 PM - ERROR - name 'sql' is not defined
05-07-2022 09:49:34 PM - ERROR - name 'sql' is not defined
05-07-2022 09:49:34 PM - ERROR - name 'sql' is not defined
05-07-2022 09:49:34 PM - ERROR - name 'sql' is not defined
05-07-2022 09:49:34 PM - ERROR - name 'sql' is not defined
05-07-2022 09:49:34 PM - ERROR - name 'sql' is not defined
05-07-2022 09:49:34 PM - ERROR - name 'sql' is not defined
05-07-2022 09:49:34 PM - ERROR - name 'sql' is not defined
05-07-2022 09:49:34 PM - ERROR - name 'sql' is not defined
05-07-2022 09:49:34 PM - ERROR - name 'sql' is not defined
05-07-2022 09:49:34 PM - ERROR - name 'sql' is not defined
05-07-2022 09:49:34 PM - ERROR - name 'sql' is not defined
05-07-2022 09:49:34 PM - ERROR - name 'sql' is not defined
05-07-2022 09:49:34 PM - ERROR - name 'sql' is not defined
05-07-2022 09:49:34 PM - INFO - 0 items saved to db
05-07-2022 09:49:34 PM - INFO - Month -> 05/01/2022
05-07-2022 09:49:34 PM - ERROR - name 'sql' is not defined
05-07-2022 09:49:34 PM - ERROR - name 'sql' is not defined
05-07-2022 09:49:34 PM - ERROR - name 'sql' is not defined
05-07-2022 09:49:34 PM - ERROR - name 'sql' is not defined
05-07-2022 09:49:34 PM - ERROR - name 'sql' is not defined
05-07-2022 09:49:34 PM - ERROR - name 'sql' is not defined
05-07-2022 09:49:34 PM - ERROR - name 'sql' is not defined
05-07-2022 09:49:34 PM - ERROR - name 'sql' is not defined
05-07-2022 09:49:34 PM - INFO - 0 items saved to db
05-07-2022 09:49:34 PM - INFO - Month -> 06/01/2022
05-07-2022 09:49:35 PM - ERROR - name 'sql' is not defined
05-07-2022 09:49:35 PM - ERROR - could not convert string to float: ''
05-07-2022 09:49:35 PM - ERROR - name 'sql' is not defined
05-07-2022 09:49:35 PM - INFO - 0 items saved to db
05-07-2022 09:49:35 PM - INFO - Month -> 07/01/2022
05-07-2022 09:49:36 PM - INFO - Script ended
05-07-2022 09:50:20 PM - INFO - Script started
05-07-2022 09:50:20 PM - INFO - Script ended
05-07-2022 09:51:26 PM - INFO - Script started
05-07-2022 09:51:26 PM - INFO - Month -> 04/01/2022
05-07-2022 09:51:28 PM - ERROR - name 'sql' is not defined
05-07-2022 09:51:28 PM - ERROR - name 'sql' is not defined
05-07-2022 09:51:28 PM - ERROR - name 'sql' is not defined
05-07-2022 09:51:28 PM - ERROR - name 'sql' is not defined
05-07-2022 09:51:28 PM - ERROR - name 'sql' is not defined
05-07-2022 09:51:28 PM - ERROR - name 'sql' is not defined
05-07-2022 09:51:28 PM - ERROR - name 'sql' is not defined
05-07-2022 09:51:28 PM - ERROR - name 'sql' is not defined
05-07-2022 09:51:28 PM - ERROR - name 'sql' is not defined
05-07-2022 09:51:28 PM - ERROR - name 'sql' is not defined
05-07-2022 09:51:28 PM - ERROR - name 'sql' is not defined
05-07-2022 09:51:28 PM - ERROR - name 'sql' is not defined
05-07-2022 09:51:28 PM - ERROR - name 'sql' is not defined
05-07-2022 09:51:28 PM - ERROR - name 'sql' is not defined
05-07-2022 09:51:28 PM - ERROR - name 'sql' is not defined
05-07-2022 09:51:28 PM - ERROR - name 'sql' is not defined
05-07-2022 09:51:28 PM - ERROR - name 'sql' is not defined
05-07-2022 09:51:28 PM - ERROR - name 'sql' is not defined
05-07-2022 09:51:28 PM - ERROR - name 'sql' is not defined
05-07-2022 09:51:28 PM - ERROR - name 'sql' is not defined
05-07-2022 09:51:28 PM - ERROR - name 'sql' is not defined
05-07-2022 09:51:28 PM - ERROR - name 'sql' is not defined
05-07-2022 09:51:28 PM - ERROR - name 'sql' is not defined
05-07-2022 09:51:28 PM - ERROR - name 'sql' is not defined
05-07-2022 09:51:28 PM - ERROR - name 'sql' is not defined
05-07-2022 09:51:28 PM - ERROR - name 'sql' is not defined
05-07-2022 09:51:28 PM - ERROR - name 'sql' is not defined
05-07-2022 09:51:28 PM - ERROR - name 'sql' is not defined
05-07-2022 09:51:28 PM - INFO - 0 items saved to db
05-07-2022 09:51:28 PM - INFO - Month -> 05/01/2022
05-07-2022 09:51:30 PM - ERROR - name 'sql' is not defined
05-07-2022 09:51:30 PM - ERROR - name 'sql' is not defined
05-07-2022 09:51:30 PM - ERROR - name 'sql' is not defined
05-07-2022 09:51:30 PM - ERROR - name 'sql' is not defined
05-07-2022 09:51:30 PM - ERROR - name 'sql' is not defined
05-07-2022 09:51:30 PM - ERROR - name 'sql' is not defined
05-07-2022 09:51:30 PM - ERROR - name 'sql' is not defined
05-07-2022 09:51:30 PM - ERROR - name 'sql' is not defined
05-07-2022 09:51:30 PM - INFO - 0 items saved to db
05-07-2022 09:51:30 PM - INFO - Month -> 06/01/2022
05-07-2022 09:51:31 PM - ERROR - name 'sql' is not defined
05-07-2022 09:51:31 PM - ERROR - could not convert string to float: ''
05-07-2022 09:51:31 PM - ERROR - name 'sql' is not defined
05-07-2022 09:51:31 PM - INFO - 0 items saved to db
05-07-2022 09:51:31 PM - INFO - Month -> 07/01/2022
05-07-2022 09:51:31 PM - INFO - Script ended
05-07-2022 09:53:23 PM - INFO - Script started
05-07-2022 09:53:23 PM - INFO - Script ended
05-07-2022 09:53:43 PM - INFO - Script started
05-07-2022 09:53:43 PM - INFO - Month -> 04/01/2022
05-07-2022 09:53:45 PM - ERROR - name 'sql' is not defined
05-07-2022 09:53:45 PM - ERROR - name 'sql' is not defined
05-07-2022 09:53:45 PM - ERROR - name 'sql' is not defined
05-07-2022 09:53:45 PM - ERROR - name 'sql' is not defined
05-07-2022 09:53:45 PM - ERROR - name 'sql' is not defined
05-07-2022 09:53:45 PM - ERROR - name 'sql' is not defined
05-07-2022 09:53:45 PM - ERROR - name 'sql' is not defined
05-07-2022 09:53:45 PM - ERROR - name 'sql' is not defined
05-07-2022 09:53:45 PM - ERROR - name 'sql' is not defined
05-07-2022 09:53:45 PM - ERROR - name 'sql' is not defined
05-07-2022 09:53:45 PM - ERROR - name 'sql' is not defined
05-07-2022 09:53:45 PM - ERROR - name 'sql' is not defined
05-07-2022 09:53:45 PM - ERROR - name 'sql' is not defined
05-07-2022 09:53:45 PM - ERROR - name 'sql' is not defined
05-07-2022 09:53:45 PM - ERROR - name 'sql' is not defined
05-07-2022 09:53:45 PM - ERROR - name 'sql' is not defined
05-07-2022 09:53:45 PM - ERROR - name 'sql' is not defined
05-07-2022 09:53:45 PM - ERROR - name 'sql' is not defined
05-07-2022 09:53:45 PM - ERROR - name 'sql' is not defined
05-07-2022 09:53:45 PM - ERROR - name 'sql' is not defined
05-07-2022 09:53:45 PM - ERROR - name 'sql' is not defined
05-07-2022 09:53:45 PM - ERROR - name 'sql' is not defined
05-07-2022 09:53:45 PM - ERROR - name 'sql' is not defined
05-07-2022 09:53:45 PM - ERROR - name 'sql' is not defined
05-07-2022 09:53:45 PM - ERROR - name 'sql' is not defined
05-07-2022 09:53:45 PM - ERROR - name 'sql' is not defined
05-07-2022 09:53:45 PM - ERROR - name 'sql' is not defined
05-07-2022 09:53:45 PM - ERROR - name 'sql' is not defined
05-07-2022 09:53:45 PM - INFO - 0 items saved to db
05-07-2022 09:53:45 PM - INFO - Month -> 05/01/2022
05-07-2022 09:53:46 PM - ERROR - name 'sql' is not defined
05-07-2022 09:53:46 PM - ERROR - name 'sql' is not defined
05-07-2022 09:53:46 PM - ERROR - name 'sql' is not defined
05-07-2022 09:53:46 PM - ERROR - name 'sql' is not defined
05-07-2022 09:53:46 PM - ERROR - name 'sql' is not defined
05-07-2022 09:53:46 PM - ERROR - name 'sql' is not defined
05-07-2022 09:53:46 PM - ERROR - name 'sql' is not defined
05-07-2022 09:53:46 PM - ERROR - name 'sql' is not defined
05-07-2022 09:53:46 PM - INFO - 0 items saved to db
05-07-2022 09:53:46 PM - INFO - Month -> 06/01/2022
05-07-2022 09:53:47 PM - ERROR - name 'sql' is not defined
05-07-2022 09:53:47 PM - ERROR - could not convert string to float: ''
05-07-2022 09:53:47 PM - ERROR - name 'sql' is not defined
05-07-2022 09:53:47 PM - INFO - 0 items saved to db
05-07-2022 09:53:47 PM - INFO - Month -> 07/01/2022
05-07-2022 09:53:48 PM - INFO - Script ended
05-07-2022 09:57:19 PM - INFO - Script started
05-07-2022 09:57:19 PM - ERROR - __init__() missing 1 required positional argument: 'sql'
05-07-2022 09:57:19 PM - INFO - Script ended
05-07-2022 09:57:35 PM - INFO - Script started
05-07-2022 09:57:36 PM - INFO - Month -> 04/01/2022
05-07-2022 09:57:37 PM - INFO - 28 items saved to db
05-07-2022 09:57:37 PM - INFO - Month -> 05/01/2022
05-07-2022 09:57:38 PM - INFO - 8 items saved to db
05-07-2022 09:57:38 PM - INFO - Month -> 06/01/2022
05-07-2022 09:57:39 PM - ERROR - could not convert string to float: ''
05-07-2022 09:57:39 PM - INFO - 2 items saved to db
05-07-2022 09:57:39 PM - INFO - Month -> 07/01/2022
05-07-2022 09:57:40 PM - INFO - Script ended
05-07-2022 09:59:58 PM - INFO - Script started
05-07-2022 09:59:58 PM - INFO - Month -> 04/01/2022
05-07-2022 10:00:00 PM - INFO - 28 items saved to db
05-07-2022 10:00:00 PM - INFO - Month -> 05/01/2022
05-07-2022 10:00:01 PM - INFO - 8 items saved to db
05-07-2022 10:00:01 PM - INFO - Month -> 06/01/2022
05-07-2022 10:00:02 PM - ERROR - could not convert string to float: ''
05-07-2022 10:00:02 PM - INFO - 2 items saved to db
05-07-2022 10:00:02 PM - INFO - Month -> 07/01/2022
05-07-2022 10:00:03 PM - INFO - Script ended
05-07-2022 10:04:05 PM - INFO - Script started
05-07-2022 10:04:05 PM - INFO - Script ended
05-07-2022 10:04:12 PM - INFO - Script started
05-07-2022 10:04:13 PM - INFO - Month -> 04/01/2022
05-07-2022 10:04:15 PM - INFO - 28 items saved to db
05-07-2022 10:04:15 PM - INFO - Month -> 05/01/2022
05-07-2022 10:04:16 PM - INFO - 8 items saved to db
05-07-2022 10:04:16 PM - INFO - Month -> 06/01/2022
05-07-2022 10:04:18 PM - ERROR - could not convert string to float: ''
05-07-2022 10:04:18 PM - INFO - 2 items saved to db
05-07-2022 10:04:18 PM - INFO - Month -> 07/01/2022
05-07-2022 10:04:18 PM - INFO - Script ended
